[Wed May  6 01:56:55 2026] PHP 8.5.5 Development Server (http://localhost:8000) started
[Wed May  6 01:58:25 2026] [::1]:57622 Accepted
[Wed May  6 01:58:25 2026] [::1]:57622 [200]: GET /
[Wed May  6 01:58:25 2026] [::1]:57622 Closing
[Wed May  6 01:58:26 2026] [::1]:57623 Accepted
[Wed May  6 01:58:26 2026] [::1]:57623 [200]: GET /uploads/large/69fa571e469f4_1778013982.jpg
[Wed May  6 01:58:26 2026] [::1]:57623 Closing
[Wed May  6 01:58:28 2026] [::1]:57625 Accepted
[Wed May  6 01:58:28 2026] [::1]:57625 [200]: GET /zhanalyqtar/asylzattttt
[Wed May  6 01:58:28 2026] [::1]:57625 Closing
[Wed May  6 01:58:29 2026] [::1]:57626 Accepted
[Wed May  6 01:58:29 2026] [::1]:57626 [200]: GET /uploads/large/69fa571e469f4_1778013982.jpg
[Wed May  6 01:58:29 2026] [::1]:57626 Closing
[Wed May  6 01:58:29 2026] [::1]:57627 Accepted
[Wed May  6 01:58:29 2026] [::1]:57627 [200]: GET /assets/logo.png
[Wed May  6 01:58:29 2026] [::1]:57627 Closing
[Wed May  6 01:58:29 2026] [::1]:57629 Accepted
[Wed May  6 01:58:29 2026] [::1]:57629 [200]: GET /uploads/large/69fa52f03008c_1778012912.jpg
[Wed May  6 01:58:29 2026] [::1]:57629 Closing
[Wed May  6 02:00:37 2026] [::1]:57692 Accepted
[Wed May  6 02:00:37 2026] [::1]:57692 [200]: GET /zhanalyqtar/asylzattttt
[Wed May  6 02:00:37 2026] [::1]:57692 Closing
[Wed May  6 02:00:37 2026] [::1]:57694 Accepted
[Wed May  6 02:00:37 2026] [::1]:57694 [200]: GET /uploads/large/69fa571e469f4_1778013982.jpg
[Wed May  6 02:00:37 2026] [::1]:57694 Closing
[Wed May  6 02:00:37 2026] [::1]:57695 Accepted
[Wed May  6 02:00:37 2026] [::1]:57695 [200]: GET /assets/logo.png
[Wed May  6 02:00:37 2026] [::1]:57695 Closing
[Wed May  6 02:00:37 2026] [::1]:57697 Accepted
[Wed May  6 02:00:37 2026] [::1]:57697 [200]: GET /uploads/large/69fa52f03008c_1778012912.jpg
[Wed May  6 02:00:37 2026] [::1]:57697 Closing
[Wed May  6 02:00:38 2026] [::1]:57700 Accepted
[Wed May  6 02:00:38 2026] [::1]:57700 [404]: GET /favicon.ico
[Wed May  6 02:00:38 2026] [::1]:57700 Closing
[Wed May  6 02:05:46 2026] [::1]:57852 Accepted
[Wed May  6 02:05:46 2026] [::1]:57852 [200]: GET /zhanalyqtar/asylzattttt
[Wed May  6 02:05:46 2026] [::1]:57852 Closing
[Wed May  6 02:05:47 2026] [::1]:57853 Accepted
[Wed May  6 02:05:47 2026] [::1]:57854 Accepted
[Wed May  6 02:05:47 2026] [::1]:57853 [200]: GET /assets/logo.png
[Wed May  6 02:05:47 2026] [::1]:57854 [200]: GET /uploads/large/69fa571e469f4_1778013982.jpg
[Wed May  6 02:05:47 2026] [::1]:57853 Closing
[Wed May  6 02:05:47 2026] [::1]:57854 Closing
[Wed May  6 02:05:47 2026] [::1]:57855 Accepted
[Wed May  6 02:05:47 2026] [::1]:57855 [200]: GET /uploads/large/69fa52f03008c_1778012912.jpg
[Wed May  6 02:05:47 2026] [::1]:57855 Closing
[Wed May  6 02:05:48 2026] [::1]:57858 Accepted
[Wed May  6 02:05:48 2026] [::1]:57858 [404]: GET /favicon.ico
[Wed May  6 02:05:48 2026] [::1]:57858 Closing
[Wed May  6 02:06:49 2026] [::1]:57896 Accepted
[Wed May  6 02:06:49 2026] [::1]:57896 [200]: GET /zhanalyqtar/asylzattttt
[Wed May  6 02:06:49 2026] [::1]:57896 Closing
[Wed May  6 02:06:49 2026] [::1]:57897 Accepted
[Wed May  6 02:06:49 2026] [::1]:57897 [200]: GET /uploads/large/69fa571e469f4_1778013982.jpg
[Wed May  6 02:06:49 2026] [::1]:57897 Closing
[Wed May  6 02:06:49 2026] [::1]:57898 Accepted
[Wed May  6 02:06:49 2026] [::1]:57898 [200]: GET /assets/logo.png
[Wed May  6 02:06:49 2026] [::1]:57898 Closing
[Wed May  6 02:06:49 2026] [::1]:57899 Accepted
[Wed May  6 02:06:49 2026] [::1]:57899 [200]: GET /uploads/large/69fa52f03008c_1778012912.jpg
[Wed May  6 02:06:49 2026] [::1]:57899 Closing
[Wed May  6 02:06:50 2026] [::1]:57901 Accepted
[Wed May  6 02:06:50 2026] [::1]:57901 [404]: GET /favicon.ico
[Wed May  6 02:06:50 2026] [::1]:57901 Closing
[Wed May  6 02:07:14 2026] [::1]:57912 Accepted
[Wed May  6 02:07:14 2026] [::1]:57912 [200]: GET /
[Wed May  6 02:07:14 2026] [::1]:57912 Closing
[Wed May  6 02:07:14 2026] [::1]:57913 Accepted
[Wed May  6 02:07:14 2026] [::1]:57913 [200]: GET /uploads/large/69fa571e469f4_1778013982.jpg
[Wed May  6 02:07:14 2026] [::1]:57913 Closing
[Wed May  6 02:07:16 2026] [::1]:57917 Accepted
[Wed May  6 02:07:16 2026] [::1]:57917 [200]: GET /zhanalyqtar/asylzattttt
[Wed May  6 02:07:16 2026] [::1]:57917 Closing
[Wed May  6 02:07:16 2026] [::1]:57918 Accepted
[Wed May  6 02:07:16 2026] [::1]:57918 [200]: GET /uploads/large/69fa571e469f4_1778013982.jpg
[Wed May  6 02:07:16 2026] [::1]:57918 Closing
[Wed May  6 02:07:16 2026] [::1]:57919 Accepted
[Wed May  6 02:07:16 2026] [::1]:57919 [200]: GET /assets/logo.png
[Wed May  6 02:07:16 2026] [::1]:57919 Closing
[Wed May  6 02:07:16 2026] [::1]:57921 Accepted
[Wed May  6 02:07:16 2026] [::1]:57921 [200]: GET /uploads/large/69fa52f03008c_1778012912.jpg
[Wed May  6 02:07:16 2026] [::1]:57921 Closing
[Wed May  6 02:08:55 2026] [::1]:57976 Accepted
[Wed May  6 02:08:55 2026] [::1]:57976 [200]: GET /
[Wed May  6 02:08:55 2026] [::1]:57976 Closing
[Wed May  6 02:08:55 2026] [::1]:57977 Accepted
[Wed May  6 02:08:55 2026] [::1]:57977 [200]: GET /uploads/large/69fa571e469f4_1778013982.jpg
[Wed May  6 02:08:55 2026] [::1]:57977 Closing
[Wed May  6 02:08:56 2026] [::1]:57979 Accepted
[Wed May  6 02:08:56 2026] [::1]:57979 [200]: GET /zhanalyqtar/asylzattttt
[Wed May  6 02:08:56 2026] [::1]:57979 Closing
[Wed May  6 02:08:56 2026] [::1]:57980 Accepted
[Wed May  6 02:08:56 2026] [::1]:57980 [200]: GET /uploads/large/69fa571e469f4_1778013982.jpg
[Wed May  6 02:08:56 2026] [::1]:57981 Accepted
[Wed May  6 02:08:56 2026] [::1]:57980 Closing
[Wed May  6 02:08:56 2026] [::1]:57981 [200]: GET /assets/logo.png
[Wed May  6 02:08:56 2026] [::1]:57981 Closing
[Wed May  6 02:08:57 2026] [::1]:57983 Accepted
[Wed May  6 02:08:57 2026] [::1]:57983 [200]: GET /uploads/large/69fa52f03008c_1778012912.jpg
[Wed May  6 02:08:57 2026] [::1]:57983 Closing
[Wed May  6 02:12:59 2026] [::1]:58132 Accepted
[Wed May  6 02:12:59 2026] [::1]:58132 [200]: GET /
[Wed May  6 02:12:59 2026] [::1]:58132 Closing
[Wed May  6 02:13:00 2026] [::1]:58133 Accepted
[Wed May  6 02:13:00 2026] [::1]:58133 [200]: GET /uploads/large/69fa571e469f4_1778013982.jpg
[Wed May  6 02:13:00 2026] [::1]:58133 Closing
[Wed May  6 02:13:01 2026] [::1]:58135 Accepted
[Wed May  6 02:13:01 2026] [::1]:58135 [200]: GET /zhanalyqtar/asylzattttt
[Wed May  6 02:13:01 2026] [::1]:58135 Closing
[Wed May  6 02:13:01 2026] [::1]:58136 Accepted
[Wed May  6 02:13:01 2026] [::1]:58136 [200]: GET /uploads/large/69fa571e469f4_1778013982.jpg
[Wed May  6 02:13:01 2026] [::1]:58137 Accepted
[Wed May  6 02:13:01 2026] [::1]:58136 Closing
[Wed May  6 02:13:01 2026] [::1]:58137 [200]: GET /assets/logo.png
[Wed May  6 02:13:01 2026] [::1]:58137 Closing
[Wed May  6 02:13:01 2026] [::1]:58138 Accepted
[Wed May  6 02:13:01 2026] [::1]:58138 [200]: GET /uploads/large/69fa52f03008c_1778012912.jpg
[Wed May  6 02:13:01 2026] [::1]:58138 Closing
[Wed May  6 02:14:31 2026] [::1]:58209 Accepted
[Wed May  6 02:14:31 2026] [::1]:58209 [200]: GET /
[Wed May  6 02:14:31 2026] [::1]:58209 Closing
[Wed May  6 02:14:31 2026] [::1]:58210 Accepted
[Wed May  6 02:14:31 2026] [::1]:58210 [200]: GET /uploads/large/69fa571e469f4_1778013982.jpg
[Wed May  6 02:14:31 2026] [::1]:58210 Closing
[Wed May  6 02:16:56 2026] [::1]:58269 Accepted
[Wed May  6 02:16:56 2026] [::1]:58269 [200]: GET /zhanalyqtar/asylzattttt
[Wed May  6 02:16:56 2026] [::1]:58269 Closing
[Wed May  6 02:16:56 2026] [::1]:58271 Accepted
[Wed May  6 02:16:56 2026] [::1]:58270 Accepted
[Wed May  6 02:16:56 2026] [::1]:58271 [200]: GET /assets/logo.png
[Wed May  6 02:16:56 2026] [::1]:58270 [200]: GET /uploads/large/69fa571e469f4_1778013982.jpg
[Wed May  6 02:16:56 2026] [::1]:58271 Closing
[Wed May  6 02:16:56 2026] [::1]:58270 Closing
[Wed May  6 02:16:56 2026] [::1]:58273 Accepted
[Wed May  6 02:16:56 2026] [::1]:58273 [200]: GET /uploads/large/69fa52f03008c_1778012912.jpg
[Wed May  6 02:16:56 2026] [::1]:58273 Closing
[Wed May  6 02:16:57 2026] [::1]:58275 Accepted
[Wed May  6 02:16:57 2026] [::1]:58275 [404]: GET /favicon.ico
[Wed May  6 02:16:57 2026] [::1]:58275 Closing
